生成启动时间为 2022/5/3 18:28:35。
     1>项目“C:\Users\andi\Documents\GitHub\CKRAT\door\door\验证器\ZzhPass.vcxproj”在节点 2 上(build 个目标)。
     1>InitializeBuildStatus:
         正在创建“.\Release\ZzhPass.unsuccessfulbuild”，因为已指定“AlwaysCreate”。
       ClCompile:
         所有输出均为最新。
         所有输出均为最新。
       ResourceCompile:
         所有输出均为最新。
     1>C:\Program Files (x86)\MSBuild\Microsoft.Cpp\v4.0\Microsoft.CppBuild.targets(990,5): warning MSB8012: TargetPath(C:\Users\andi\Documents\GitHub\CKRAT\door\door\验证器\.\Release\ZzhPass.exe) 与 Linker 的 OutputFile 属性值(C:\Users\andi\Documents\GitHub\CKRAT\door\door\bin\验证器.exe)不匹配。这可能导致项目生成不正确。若要更正此问题，请确保 $(OutDir)、$(TargetName) 和 $(TargetExt) 属性值与 %(Link.OutputFile) 中指定的值匹配。
     1>C:\Program Files (x86)\MSBuild\Microsoft.Cpp\v4.0\Microsoft.CppBuild.targets(992,5): warning MSB8012: TargetName(ZzhPass) 与 Linker 的 OutputFile 属性值(验证器)不匹配。这可能导致项目生成不正确。若要更正此问题，请确保 $(OutDir)、$(TargetName) 和 $(TargetExt) 属性值与 %(Link.OutputFile) 中指定的值匹配。
       Link:
         所有输出均为最新。
         ZzhPass.vcxproj -> C:\Users\andi\Documents\GitHub\CKRAT\door\door\验证器\.\Release\ZzhPass.exe
       Manifest:
         所有输出均为最新。
       BscMake:
         所有输出均为最新。
       FinalizeBuildStatus:
         正在删除文件“.\Release\ZzhPass.unsuccessfulbuild”。
         正在对“.\Release\ZzhPass.lastbuildstate”执行 Touch 任务。
     1>已完成生成项目“C:\Users\andi\Documents\GitHub\CKRAT\door\door\验证器\ZzhPass.vcxproj”(build 个目标)的操作。

生成成功。

已用时间 00:00:00.28
