.\Release\ZzhPass.bsc
C:\USERS\DEVELOPMENT\DESKTOP\DOOR\DOOR\BIN\验证器.EXE
C:\Users\development\Desktop\door\door\验证器\.\Release\ZzhPass.exe.intermediate.manifest
C:\Users\development\Desktop\door\door\验证器\Release\BscMake.command.1.tlog
C:\Users\development\Desktop\door\door\验证器\Release\bscmake.read.1.tlog
C:\Users\development\Desktop\door\door\验证器\Release\bscmake.write.1.tlog
C:\Users\development\Desktop\door\door\验证器\Release\cl.command.1.tlog
C:\Users\development\Desktop\door\door\验证器\Release\CL.read.1.tlog
C:\Users\development\Desktop\door\door\验证器\Release\CL.write.1.tlog
C:\USERS\DEVELOPMENT\DESKTOP\DOOR\DOOR\验证器\RELEASE\INIFILE.OBJ
C:\USERS\DEVELOPMENT\DESKTOP\DOOR\DOOR\验证器\RELEASE\INIFILE.SBR
C:\Users\development\Desktop\door\door\验证器\Release\link.command.1.tlog
C:\Users\development\Desktop\door\door\验证器\Release\link.read.1.tlog
C:\Users\development\Desktop\door\door\验证器\Release\link.write.1.tlog
C:\Users\development\Desktop\door\door\验证器\Release\link-cvtres.read.1.tlog
C:\Users\development\Desktop\door\door\验证器\Release\link-cvtres.write.1.tlog
C:\Users\development\Desktop\door\door\验证器\Release\mt.command.1.tlog
C:\Users\development\Desktop\door\door\验证器\Release\mt.read.1.tlog
C:\Users\development\Desktop\door\door\验证器\Release\mt.write.1.tlog
C:\Users\development\Desktop\door\door\验证器\Release\rc.command.1.tlog
C:\Users\development\Desktop\door\door\验证器\Release\rc.read.1.tlog
C:\Users\development\Desktop\door\door\验证器\Release\rc.write.1.tlog
C:\USERS\DEVELOPMENT\DESKTOP\DOOR\DOOR\验证器\RELEASE\STDAFX.OBJ
C:\USERS\DEVELOPMENT\DESKTOP\DOOR\DOOR\验证器\RELEASE\STDAFX.SBR
C:\USERS\DEVELOPMENT\DESKTOP\DOOR\DOOR\验证器\RELEASE\VC100.PDB
C:\USERS\DEVELOPMENT\DESKTOP\DOOR\DOOR\验证器\RELEASE\ZZHPASS.BSC
C:\USERS\DEVELOPMENT\DESKTOP\DOOR\DOOR\验证器\RELEASE\ZZHPASS.EXE.INTERMEDIATE.MANIFEST
C:\USERS\DEVELOPMENT\DESKTOP\DOOR\DOOR\验证器\RELEASE\ZZHPASS.OBJ
C:\USERS\DEVELOPMENT\DESKTOP\DOOR\DOOR\验证器\RELEASE\ZZHPASS.PCH
C:\USERS\DEVELOPMENT\DESKTOP\DOOR\DOOR\验证器\RELEASE\ZZHPASS.RES
C:\USERS\DEVELOPMENT\DESKTOP\DOOR\DOOR\验证器\RELEASE\ZZHPASS.SBR
C:\Users\development\Desktop\door\door\验证器\Release\ZzhPass.write.1.tlog
C:\USERS\DEVELOPMENT\DESKTOP\DOOR\DOOR\验证器\RELEASE\ZZHPASSDLG.OBJ
C:\USERS\DEVELOPMENT\DESKTOP\DOOR\DOOR\验证器\RELEASE\ZZHPASSDLG.SBR
