.\Release\Client.pdb
C:\Users\andi\Documents\GitHub\CKRAT\door\door\Client\.\Release\Client.exe
C:\USERS\ANDI\DOCUMENTS\GITHUB\CKRAT\DOOR\DOOR\CLIENT\RELEASE\122205622.OBJ
C:\USERS\ANDI\DOCUMENTS\GITHUB\CKRAT\DOOR\DOOR\CLIENT\RELEASE\122205622DOC.OBJ
C:\USERS\ANDI\DOCUMENTS\GITHUB\CKRAT\DOOR\DOOR\CLIENT\RELEASE\122205622VIEW.OBJ
C:\USERS\ANDI\DOCUMENTS\GITHUB\CKRAT\DOOR\DOOR\CLIENT\RELEASE\AUDIO.OBJ
C:\USERS\ANDI\DOCUMENTS\GITHUB\CKRAT\DOOR\DOOR\CLIENT\RELEASE\AUDIODLG.OBJ
C:\USERS\ANDI\DOCUMENTS\GITHUB\CKRAT\DOOR\DOOR\CLIENT\RELEASE\BMPTOAVI.OBJ
C:\USERS\ANDI\DOCUMENTS\GITHUB\CKRAT\DOOR\DOOR\CLIENT\RELEASE\BUFFER.OBJ
C:\USERS\ANDI\DOCUMENTS\GITHUB\CKRAT\DOOR\DOOR\CLIENT\RELEASE\CHANGEGROUP.OBJ
C:\USERS\ANDI\DOCUMENTS\GITHUB\CKRAT\DOOR\DOOR\CLIENT\RELEASE\CJSON.OBJ
C:\Users\andi\Documents\GitHub\CKRAT\door\door\Client\Release\cl.command.1.tlog
C:\Users\andi\Documents\GitHub\CKRAT\door\door\Client\Release\CL.read.1.tlog
C:\Users\andi\Documents\GitHub\CKRAT\door\door\Client\Release\CL.write.1.tlog
C:\USERS\ANDI\DOCUMENTS\GITHUB\CKRAT\DOOR\DOOR\CLIENT\RELEASE\CLIENT.EXE
C:\USERS\ANDI\DOCUMENTS\GITHUB\CKRAT\DOOR\DOOR\CLIENT\RELEASE\CLIENT.OBJ
C:\USERS\ANDI\DOCUMENTS\GITHUB\CKRAT\DOOR\DOOR\CLIENT\RELEASE\CLIENT.PCH
C:\USERS\ANDI\DOCUMENTS\GITHUB\CKRAT\DOOR\DOOR\CLIENT\RELEASE\CLIENT.PDB
C:\USERS\ANDI\DOCUMENTS\GITHUB\CKRAT\DOOR\DOOR\CLIENT\RELEASE\CLIENT.RES
C:\Users\andi\Documents\GitHub\CKRAT\door\door\Client\Release\Client.vcxprojResolveAssemblyReference.cache
C:\Users\andi\Documents\GitHub\CKRAT\door\door\Client\Release\Client.write.1.tlog
C:\USERS\ANDI\DOCUMENTS\GITHUB\CKRAT\DOOR\DOOR\CLIENT\RELEASE\CLIENTDOC.OBJ
C:\USERS\ANDI\DOCUMENTS\GITHUB\CKRAT\DOOR\DOOR\CLIENT\RELEASE\CLIENTVIEW.OBJ
C:\USERS\ANDI\DOCUMENTS\GITHUB\CKRAT\DOOR\DOOR\CLIENT\RELEASE\DIB.OBJ
C:\USERS\ANDI\DOCUMENTS\GITHUB\CKRAT\DOOR\DOOR\CLIENT\RELEASE\DOWNLOAD.OBJ
C:\USERS\ANDI\DOCUMENTS\GITHUB\CKRAT\DOOR\DOOR\CLIENT\RELEASE\FILEATTR.OBJ
C:\USERS\ANDI\DOCUMENTS\GITHUB\CKRAT\DOOR\DOOR\CLIENT\RELEASE\FILEMANAGERDLG.OBJ
C:\USERS\ANDI\DOCUMENTS\GITHUB\CKRAT\DOOR\DOOR\CLIENT\RELEASE\FILETRANSFERMODEDLG.OBJ
C:\USERS\ANDI\DOCUMENTS\GITHUB\CKRAT\DOOR\DOOR\CLIENT\RELEASE\GENERATE.OBJ
C:\USERS\ANDI\DOCUMENTS\GITHUB\CKRAT\DOOR\DOOR\CLIENT\RELEASE\HTMLCTRL.OBJ
C:\USERS\ANDI\DOCUMENTS\GITHUB\CKRAT\DOOR\DOOR\CLIENT\RELEASE\ICONS.OBJ
C:\USERS\ANDI\DOCUMENTS\GITHUB\CKRAT\DOOR\DOOR\CLIENT\RELEASE\INIFILE.OBJ
C:\USERS\ANDI\DOCUMENTS\GITHUB\CKRAT\DOOR\DOOR\CLIENT\RELEASE\INPUTDLG.OBJ
C:\USERS\ANDI\DOCUMENTS\GITHUB\CKRAT\DOOR\DOOR\CLIENT\RELEASE\IOCPSERVER.OBJ
C:\USERS\ANDI\DOCUMENTS\GITHUB\CKRAT\DOOR\DOOR\CLIENT\RELEASE\KEYBOARDDLG.OBJ
C:\USERS\ANDI\DOCUMENTS\GITHUB\CKRAT\DOOR\DOOR\CLIENT\RELEASE\LFILENAME.OBJ
C:\Users\andi\Documents\GitHub\CKRAT\door\door\Client\Release\link.command.1.tlog
C:\Users\andi\Documents\GitHub\CKRAT\door\door\Client\Release\link.read.1.tlog
C:\Users\andi\Documents\GitHub\CKRAT\door\door\Client\Release\link.read.2.tlog
C:\Users\andi\Documents\GitHub\CKRAT\door\door\Client\Release\link.write.1.tlog
C:\Users\andi\Documents\GitHub\CKRAT\door\door\Client\Release\link-cvtres.read.1.tlog
C:\Users\andi\Documents\GitHub\CKRAT\door\door\Client\Release\link-cvtres.write.1.tlog
C:\USERS\ANDI\DOCUMENTS\GITHUB\CKRAT\DOOR\DOOR\CLIENT\RELEASE\LOGIN.OBJ
C:\USERS\ANDI\DOCUMENTS\GITHUB\CKRAT\DOOR\DOOR\CLIENT\RELEASE\LOGVIEW.OBJ
C:\USERS\ANDI\DOCUMENTS\GITHUB\CKRAT\DOOR\DOOR\CLIENT\RELEASE\MAINFRM.OBJ
C:\USERS\ANDI\DOCUMENTS\GITHUB\CKRAT\DOOR\DOOR\CLIENT\RELEASE\MAPDLG.OBJ
C:\USERS\ANDI\DOCUMENTS\GITHUB\CKRAT\DOOR\DOOR\CLIENT\RELEASE\MSGBOX.OBJ
C:\USERS\ANDI\DOCUMENTS\GITHUB\CKRAT\DOOR\DOOR\CLIENT\RELEASE\MYSUPERGRID.OBJ
C:\USERS\ANDI\DOCUMENTS\GITHUB\CKRAT\DOOR\DOOR\CLIENT\RELEASE\MYTOOLBAR.OBJ
C:\USERS\ANDI\DOCUMENTS\GITHUB\CKRAT\DOOR\DOOR\CLIENT\RELEASE\OPENPROXY.OBJ
C:\USERS\ANDI\DOCUMENTS\GITHUB\CKRAT\DOOR\DOOR\CLIENT\RELEASE\OPENWEB.OBJ
C:\USERS\ANDI\DOCUMENTS\GITHUB\CKRAT\DOOR\DOOR\CLIENT\RELEASE\PCVIEW.OBJ
C:\USERS\ANDI\DOCUMENTS\GITHUB\CKRAT\DOOR\DOOR\CLIENT\RELEASE\PICTUREEX.OBJ
C:\USERS\ANDI\DOCUMENTS\GITHUB\CKRAT\DOOR\DOOR\CLIENT\RELEASE\PROXYMAPDLG.OBJ
C:\USERS\ANDI\DOCUMENTS\GITHUB\CKRAT\DOOR\DOOR\CLIENT\RELEASE\QQINFODLG.OBJ
C:\Users\andi\Documents\GitHub\CKRAT\door\door\Client\Release\rc.command.1.tlog
C:\Users\andi\Documents\GitHub\CKRAT\door\door\Client\Release\rc.read.1.tlog
C:\Users\andi\Documents\GitHub\CKRAT\door\door\Client\Release\rc.write.1.tlog
C:\USERS\ANDI\DOCUMENTS\GITHUB\CKRAT\DOOR\DOOR\CLIENT\RELEASE\REGEDITDLG.OBJ
C:\USERS\ANDI\DOCUMENTS\GITHUB\CKRAT\DOOR\DOOR\CLIENT\RELEASE\REGEDITTEXTDLG.OBJ
C:\USERS\ANDI\DOCUMENTS\GITHUB\CKRAT\DOOR\DOOR\CLIENT\RELEASE\SCREENSPYDLG.OBJ
C:\USERS\ANDI\DOCUMENTS\GITHUB\CKRAT\DOOR\DOOR\CLIENT\RELEASE\SERVICEDLG.OBJ
C:\USERS\ANDI\DOCUMENTS\GITHUB\CKRAT\DOOR\DOOR\CLIENT\RELEASE\SERVICEINFODLG.OBJ
C:\USERS\ANDI\DOCUMENTS\GITHUB\CKRAT\DOOR\DOOR\CLIENT\RELEASE\SETTING.OBJ
C:\USERS\ANDI\DOCUMENTS\GITHUB\CKRAT\DOOR\DOOR\CLIENT\RELEASE\SEU_QQWRY.OBJ
C:\USERS\ANDI\DOCUMENTS\GITHUB\CKRAT\DOOR\DOOR\CLIENT\RELEASE\SHELLDLG.OBJ
C:\USERS\ANDI\DOCUMENTS\GITHUB\CKRAT\DOOR\DOOR\CLIENT\RELEASE\SHOWWAVE.OBJ
C:\USERS\ANDI\DOCUMENTS\GITHUB\CKRAT\DOOR\DOOR\CLIENT\RELEASE\SORTLISTCTRL.OBJ
C:\USERS\ANDI\DOCUMENTS\GITHUB\CKRAT\DOOR\DOOR\CLIENT\RELEASE\SOUNDTOWAV.OBJ
C:\USERS\ANDI\DOCUMENTS\GITHUB\CKRAT\DOOR\DOOR\CLIENT\RELEASE\START.OBJ
C:\USERS\ANDI\DOCUMENTS\GITHUB\CKRAT\DOOR\DOOR\CLIENT\RELEASE\STATICVIEW.OBJ
C:\USERS\ANDI\DOCUMENTS\GITHUB\CKRAT\DOOR\DOOR\CLIENT\RELEASE\STDAFX.OBJ
C:\USERS\ANDI\DOCUMENTS\GITHUB\CKRAT\DOOR\DOOR\CLIENT\RELEASE\SUPERGRIDCTRL.OBJ
C:\USERS\ANDI\DOCUMENTS\GITHUB\CKRAT\DOOR\DOOR\CLIENT\RELEASE\SYSTEMDLG.OBJ
C:\USERS\ANDI\DOCUMENTS\GITHUB\CKRAT\DOOR\DOOR\CLIENT\RELEASE\SYSTEMINFO.OBJ
C:\USERS\ANDI\DOCUMENTS\GITHUB\CKRAT\DOOR\DOOR\CLIENT\RELEASE\TEXTCHATDLG.OBJ
C:\USERS\ANDI\DOCUMENTS\GITHUB\CKRAT\DOOR\DOOR\CLIENT\RELEASE\TOOLS.OBJ
C:\USERS\ANDI\DOCUMENTS\GITHUB\CKRAT\DOOR\DOOR\CLIENT\RELEASE\TRUECOLORTOOLBAR.OBJ
C:\USERS\ANDI\DOCUMENTS\GITHUB\CKRAT\DOOR\DOOR\CLIENT\RELEASE\VC100.PDB
C:\USERS\ANDI\DOCUMENTS\GITHUB\CKRAT\DOOR\DOOR\CLIENT\RELEASE\WEATHER.OBJ
C:\USERS\ANDI\DOCUMENTS\GITHUB\CKRAT\DOOR\DOOR\CLIENT\RELEASE\WEBCAMDLG.OBJ
C:\USERS\ANDI\DOCUMENTS\GITHUB\CKRAT\DOOR\DOOR\CLIENT\RELEASE\XVIDDEC.OBJ
C:\USERS\DEVELOPMENT\DESKTOP\DOOR\DOOR\CLIENT\RELEASE\122205622.OBJ
C:\USERS\DEVELOPMENT\DESKTOP\DOOR\DOOR\CLIENT\RELEASE\122205622DOC.OBJ
C:\USERS\DEVELOPMENT\DESKTOP\DOOR\DOOR\CLIENT\RELEASE\122205622VIEW.OBJ
C:\USERS\DEVELOPMENT\DESKTOP\DOOR\DOOR\CLIENT\RELEASE\AUDIO.OBJ
C:\USERS\DEVELOPMENT\DESKTOP\DOOR\DOOR\CLIENT\RELEASE\AUDIODLG.OBJ
C:\USERS\DEVELOPMENT\DESKTOP\DOOR\DOOR\CLIENT\RELEASE\BMPTOAVI.OBJ
C:\USERS\DEVELOPMENT\DESKTOP\DOOR\DOOR\CLIENT\RELEASE\BUFFER.OBJ
C:\USERS\DEVELOPMENT\DESKTOP\DOOR\DOOR\CLIENT\RELEASE\CHANGEGROUP.OBJ
C:\USERS\DEVELOPMENT\DESKTOP\DOOR\DOOR\CLIENT\RELEASE\CJSON.OBJ
C:\USERS\DEVELOPMENT\DESKTOP\DOOR\DOOR\CLIENT\RELEASE\CLIENT.EXE
C:\USERS\DEVELOPMENT\DESKTOP\DOOR\DOOR\CLIENT\RELEASE\CLIENT.OBJ
C:\USERS\DEVELOPMENT\DESKTOP\DOOR\DOOR\CLIENT\RELEASE\CLIENT.PCH
C:\USERS\DEVELOPMENT\DESKTOP\DOOR\DOOR\CLIENT\RELEASE\CLIENT.PDB
C:\USERS\DEVELOPMENT\DESKTOP\DOOR\DOOR\CLIENT\RELEASE\CLIENT.RES
C:\USERS\DEVELOPMENT\DESKTOP\DOOR\DOOR\CLIENT\RELEASE\CLIENTDOC.OBJ
C:\USERS\DEVELOPMENT\DESKTOP\DOOR\DOOR\CLIENT\RELEASE\CLIENTVIEW.OBJ
C:\USERS\DEVELOPMENT\DESKTOP\DOOR\DOOR\CLIENT\RELEASE\DIB.OBJ
C:\USERS\DEVELOPMENT\DESKTOP\DOOR\DOOR\CLIENT\RELEASE\DOWNLOAD.OBJ
C:\USERS\DEVELOPMENT\DESKTOP\DOOR\DOOR\CLIENT\RELEASE\FILEATTR.OBJ
C:\USERS\DEVELOPMENT\DESKTOP\DOOR\DOOR\CLIENT\RELEASE\FILEMANAGERDLG.OBJ
C:\USERS\DEVELOPMENT\DESKTOP\DOOR\DOOR\CLIENT\RELEASE\FILETRANSFERMODEDLG.OBJ
C:\USERS\DEVELOPMENT\DESKTOP\DOOR\DOOR\CLIENT\RELEASE\GENERATE.OBJ
C:\USERS\DEVELOPMENT\DESKTOP\DOOR\DOOR\CLIENT\RELEASE\HTMLCTRL.OBJ
C:\USERS\DEVELOPMENT\DESKTOP\DOOR\DOOR\CLIENT\RELEASE\ICONS.OBJ
C:\USERS\DEVELOPMENT\DESKTOP\DOOR\DOOR\CLIENT\RELEASE\INIFILE.OBJ
C:\USERS\DEVELOPMENT\DESKTOP\DOOR\DOOR\CLIENT\RELEASE\INPUTDLG.OBJ
C:\USERS\DEVELOPMENT\DESKTOP\DOOR\DOOR\CLIENT\RELEASE\IOCPSERVER.OBJ
C:\USERS\DEVELOPMENT\DESKTOP\DOOR\DOOR\CLIENT\RELEASE\KEYBOARDDLG.OBJ
C:\USERS\DEVELOPMENT\DESKTOP\DOOR\DOOR\CLIENT\RELEASE\LFILENAME.OBJ
C:\USERS\DEVELOPMENT\DESKTOP\DOOR\DOOR\CLIENT\RELEASE\LOGIN.OBJ
C:\USERS\DEVELOPMENT\DESKTOP\DOOR\DOOR\CLIENT\RELEASE\LOGVIEW.OBJ
C:\USERS\DEVELOPMENT\DESKTOP\DOOR\DOOR\CLIENT\RELEASE\MAINFRM.OBJ
C:\USERS\DEVELOPMENT\DESKTOP\DOOR\DOOR\CLIENT\RELEASE\MAPDLG.OBJ
C:\USERS\DEVELOPMENT\DESKTOP\DOOR\DOOR\CLIENT\RELEASE\MSGBOX.OBJ
C:\USERS\DEVELOPMENT\DESKTOP\DOOR\DOOR\CLIENT\RELEASE\MYSUPERGRID.OBJ
C:\USERS\DEVELOPMENT\DESKTOP\DOOR\DOOR\CLIENT\RELEASE\OPENPROXY.OBJ
C:\USERS\DEVELOPMENT\DESKTOP\DOOR\DOOR\CLIENT\RELEASE\OPENWEB.OBJ
C:\USERS\DEVELOPMENT\DESKTOP\DOOR\DOOR\CLIENT\RELEASE\PCVIEW.OBJ
C:\USERS\DEVELOPMENT\DESKTOP\DOOR\DOOR\CLIENT\RELEASE\PICTUREEX.OBJ
C:\USERS\DEVELOPMENT\DESKTOP\DOOR\DOOR\CLIENT\RELEASE\PROXYMAPDLG.OBJ
C:\USERS\DEVELOPMENT\DESKTOP\DOOR\DOOR\CLIENT\RELEASE\QQINFODLG.OBJ
C:\USERS\DEVELOPMENT\DESKTOP\DOOR\DOOR\CLIENT\RELEASE\REGEDITDLG.OBJ
C:\USERS\DEVELOPMENT\DESKTOP\DOOR\DOOR\CLIENT\RELEASE\REGEDITTEXTDLG.OBJ
C:\USERS\DEVELOPMENT\DESKTOP\DOOR\DOOR\CLIENT\RELEASE\SCREENSPYDLG.OBJ
C:\USERS\DEVELOPMENT\DESKTOP\DOOR\DOOR\CLIENT\RELEASE\SERVICEDLG.OBJ
C:\USERS\DEVELOPMENT\DESKTOP\DOOR\DOOR\CLIENT\RELEASE\SERVICEINFODLG.OBJ
C:\USERS\DEVELOPMENT\DESKTOP\DOOR\DOOR\CLIENT\RELEASE\SETTING.OBJ
C:\USERS\DEVELOPMENT\DESKTOP\DOOR\DOOR\CLIENT\RELEASE\SEU_QQWRY.OBJ
C:\USERS\DEVELOPMENT\DESKTOP\DOOR\DOOR\CLIENT\RELEASE\SHELLDLG.OBJ
C:\USERS\DEVELOPMENT\DESKTOP\DOOR\DOOR\CLIENT\RELEASE\SHOWWAVE.OBJ
C:\USERS\DEVELOPMENT\DESKTOP\DOOR\DOOR\CLIENT\RELEASE\SORTLISTCTRL.OBJ
C:\USERS\DEVELOPMENT\DESKTOP\DOOR\DOOR\CLIENT\RELEASE\SOUNDTOWAV.OBJ
C:\USERS\DEVELOPMENT\DESKTOP\DOOR\DOOR\CLIENT\RELEASE\START.OBJ
C:\USERS\DEVELOPMENT\DESKTOP\DOOR\DOOR\CLIENT\RELEASE\STDAFX.OBJ
C:\USERS\DEVELOPMENT\DESKTOP\DOOR\DOOR\CLIENT\RELEASE\SUPERGRIDCTRL.OBJ
C:\USERS\DEVELOPMENT\DESKTOP\DOOR\DOOR\CLIENT\RELEASE\SYSTEMDLG.OBJ
C:\USERS\DEVELOPMENT\DESKTOP\DOOR\DOOR\CLIENT\RELEASE\SYSTEMINFO.OBJ
C:\USERS\DEVELOPMENT\DESKTOP\DOOR\DOOR\CLIENT\RELEASE\TEXTCHATDLG.OBJ
C:\USERS\DEVELOPMENT\DESKTOP\DOOR\DOOR\CLIENT\RELEASE\TOOLS.OBJ
C:\USERS\DEVELOPMENT\DESKTOP\DOOR\DOOR\CLIENT\RELEASE\TRUECOLORTOOLBAR.OBJ
C:\USERS\DEVELOPMENT\DESKTOP\DOOR\DOOR\CLIENT\RELEASE\VC100.PDB
C:\USERS\DEVELOPMENT\DESKTOP\DOOR\DOOR\CLIENT\RELEASE\WEATHER.OBJ
C:\USERS\DEVELOPMENT\DESKTOP\DOOR\DOOR\CLIENT\RELEASE\WEBCAMDLG.OBJ
C:\USERS\DEVELOPMENT\DESKTOP\DOOR\DOOR\CLIENT\RELEASE\XVIDDEC.OBJ
