生成启动时间为 2022/5/5 3:23:30。
     1>项目“C:\Users\andi\Documents\GitHub\CKRAT\door\door\Client\Client.vcxproj”在节点 2 上(build 个目标)。
     1>InitializeBuildStatus:
         正在创建“.\Release\Client.unsuccessfulbuild”，因为已指定“AlwaysCreate”。
       ClCompile:
         所有输出均为最新。
         所有输出均为最新。
         所有输出均为最新。
         所有输出均为最新。
       ResourceCompile:
         所有输出均为最新。
       Link:
         所有输出均为最新。
         Client.vcxproj -> C:\Users\andi\Documents\GitHub\CKRAT\door\door\Client\.\Release\Client.exe
       FinalizeBuildStatus:
         正在删除文件“.\Release\Client.unsuccessfulbuild”。
         正在对“.\Release\Client.lastbuildstate”执行 Touch 任务。
     1>已完成生成项目“C:\Users\andi\Documents\GitHub\CKRAT\door\door\Client\Client.vcxproj”(build 个目标)的操作。

生成成功。

已用时间 00:00:00.35
