C:\Users\development\Desktop\door\door\Server\.\Release\Server.dll.intermediate.manifest
C:\USERS\DEVELOPMENT\DESKTOP\DOOR\DOOR\SERVER\RELEASE\BUFFER.OBJ
C:\Users\development\Desktop\door\door\Server\Release\cl.command.1.tlog
C:\Users\development\Desktop\door\door\Server\Release\CL.read.1.tlog
C:\Users\development\Desktop\door\door\Server\Release\CL.write.1.tlog
C:\USERS\DEVELOPMENT\DESKTOP\DOOR\DOOR\SERVER\RELEASE\CLIENTSOCKET.OBJ
C:\Users\development\Desktop\door\door\Server\Release\DllMain.exp
C:\Users\development\Desktop\door\door\Server\Release\DllMain.lib
C:\USERS\DEVELOPMENT\DESKTOP\DOOR\DOOR\SERVER\RELEASE\KERNELMANAGER.OBJ
C:\Users\development\Desktop\door\door\Server\Release\link.command.1.tlog
C:\Users\development\Desktop\door\door\Server\Release\link.read.1.tlog
C:\Users\development\Desktop\door\door\Server\Release\link.write.1.tlog
C:\USERS\DEVELOPMENT\DESKTOP\DOOR\DOOR\SERVER\RELEASE\MANAGER.OBJ
C:\USERS\DEVELOPMENT\DESKTOP\DOOR\DOOR\SERVER\RELEASE\MEMORYMODULE.OBJ
C:\Users\development\Desktop\door\door\Server\Release\msxml3.tlh
C:\Users\development\Desktop\door\door\Server\Release\msxml3.tli
C:\Users\development\Desktop\door\door\Server\Release\mt.command.1.tlog
C:\Users\development\Desktop\door\door\Server\Release\mt.read.1.tlog
C:\Users\development\Desktop\door\door\Server\Release\mt.write.1.tlog
C:\USERS\DEVELOPMENT\DESKTOP\DOOR\DOOR\SERVER\RELEASE\SERVER.DLL.INTERMEDIATE.MANIFEST
C:\USERS\DEVELOPMENT\DESKTOP\DOOR\DOOR\SERVER\RELEASE\SERVER.OBJ
C:\USERS\DEVELOPMENT\DESKTOP\DOOR\DOOR\SERVER\RELEASE\SERVER.PCH
C:\Users\development\Desktop\door\door\Server\Release\Server.write.1.tlog
C:\USERS\DEVELOPMENT\DESKTOP\DOOR\DOOR\SERVER\RELEASE\STDAFX.OBJ
C:\USERS\DEVELOPMENT\DESKTOP\DOOR\DOOR\SERVER\RELEASE\UNTIL.OBJ
C:\USERS\DEVELOPMENT\DESKTOP\DOOR\DOOR\SERVER\RELEASE\VC100.PDB
C:\USERS\DEVELOPMENT\DESKTOP\DOOR\DOOR\SERVERDAT\DLLMAIN.DLL
