生成启动时间为 2022/5/3 19:41:20。
     1>项目“C:\Users\andi\Documents\GitHub\CKRAT\door\door\Server\Server.vcxproj”在节点 2 上(build 个目标)。
     1>InitializeBuildStatus:
         正在创建“.\Release\Server.unsuccessfulbuild”，因为已指定“AlwaysCreate”。
       ClCompile:
         所有输出均为最新。
         所有输出均为最新。
     1>C:\Program Files (x86)\MSBuild\Microsoft.Cpp\v4.0\Microsoft.CppBuild.targets(990,5): warning MSB8012: TargetPath(C:\Users\andi\Documents\GitHub\CKRAT\door\door\Server\.\Release\Server.dll) 与 Linker 的 OutputFile 属性值(C:\Users\andi\Documents\GitHub\CKRAT\door\door\ServerDat\DllMain.dll)不匹配。这可能导致项目生成不正确。若要更正此问题，请确保 $(OutDir)、$(TargetName) 和 $(TargetExt) 属性值与 %(Link.OutputFile) 中指定的值匹配。
     1>C:\Program Files (x86)\MSBuild\Microsoft.Cpp\v4.0\Microsoft.CppBuild.targets(992,5): warning MSB8012: TargetName(Server) 与 Linker 的 OutputFile 属性值(DllMain)不匹配。这可能导致项目生成不正确。若要更正此问题，请确保 $(OutDir)、$(TargetName) 和 $(TargetExt) 属性值与 %(Link.OutputFile) 中指定的值匹配。
       Link:
         所有输出均为最新。
         Server.vcxproj -> C:\Users\andi\Documents\GitHub\CKRAT\door\door\Server\.\Release\Server.dll
       Manifest:
         所有输出均为最新。
       FinalizeBuildStatus:
         正在删除文件“.\Release\Server.unsuccessfulbuild”。
         正在对“.\Release\Server.lastbuildstate”执行 Touch 任务。
     1>已完成生成项目“C:\Users\andi\Documents\GitHub\CKRAT\door\door\Server\Server.vcxproj”(build 个目标)的操作。

生成成功。

已用时间 00:00:00.07
